1693133419520	geckodriver	INFO	Listening on 127.0.0.1:61765
1693133422640	mozrunner::runner	INFO	Running command: "C:\\Program Files\\Mozilla Firefox\\firefox.exe" "--marionette" "--remote-debugging-port" "61766" "--remote-allow-hosts" "localhost" "-no-remote" "-profile" "C:\\Users\\kamit\\AppData\\Local\\Temp\\rust_mozprofilewbrnwa"
console.warn: services.settings: Ignoring preference override of remote settings server
console.warn: services.settings: Allow by setting MOZ_REMOTE_SETTINGS_DEVTOOLS=1 in the environment
1693133423535	Marionette	INFO	Marionette enabled
Dynamically enable window occlusion 0
1693133423660	Marionette	INFO	Listening on port 61784
WebDriver BiDi listening on ws://127.0.0.1:61766
Read port: 61784
1693133423825	RemoteAgent	WARN	TLS certificate errors will be ignored for this session
DevTools listening on ws://127.0.0.1:61766/devtools/browser/6a981f14-c9c9-47cd-989f-8a108ae49902
1693133461473	Marionette	INFO	Stopped listening on port 61784
Dynamically enable window occlusion 1
console.error: services.settings: 
  Message: StorageError: Storage error: Error: IndexedDB: main/pioneer-study-addons-v1 pruneAttachments() IndexedDB:  execute() The application is shutting down
  Stack:
    StorageError@resource://services-settings/RemoteSettingsClient.sys.mjs:153:5
_adjustedError@resource://services-settings/RemoteSettingsClient.sys.mjs:924:14
maybeSync@resource://services-settings/RemoteSettingsClient.sys.mjs:812:38
observe@resource://gre/modules/AsyncShutdown.sys.mjs:573:17

console.error: (new Error("IndexedDB: main/pioneer-content-v2 getLastModified() IndexedDB:  execute() The application is shutting down", "resource://services-settings/IDBHelpers.sys.mjs", 16))
